[2025-08-01 14:48:57] [INFO    ] root: Logging configured successfully.
[2025-08-01 14:48:57] [INFO    ] root: Successfully loaded cog: music_cog.py
[2025-08-01 14:48:57] [INFO    ] discord.client: logging in using static token
[2025-08-01 14:48:58] [INFO    ] discord.gateway: Shard ID None has connected to Gateway (Session ID: de0b4357b7ed497eae0dfe2d19bbc674).
[2025-08-01 14:49:00] [INFO    ] root: Logged in as notamusicbot (ID: 1400527398331613285)
[2025-08-01 14:49:00] [INFO    ] root: Discord.py API version: 2.5.2
[2025-08-01 14:49:00] [INFO    ] root: ------
[2025-08-01 14:49:00] [INFO    ] root: Syncing commands to all guilds...
[2025-08-01 14:49:01] [INFO    ] root:  > Synced commands for: KPOP DEMON HUNTERS (ID: 1400228444100497428)
[2025-08-01 14:49:01] [INFO    ] root: --- Sync complete. 1/1 guilds synced. ---
[2025-08-01 14:49:01] [INFO    ] root: Bot is ready to rock!
[2025-08-01 14:49:09] [INFO    ] cogs.music_cog: 'george26.qs' in guild 'KPOP DEMON HUNTERS' used /play with query: '—Ç–∞–ø–æ—á–∫–∞'
[2025-08-01 14:49:09] [INFO    ] cogs.music_cog: Connecting to voice channel '–ó–∞–≥–∞–ª—å–Ω–∏–π' in guild 1400228444100497428
[2025-08-01 14:49:09] [INFO    ] discord.voice_state: Connecting to voice...
[2025-08-01 14:49:09] [INFO    ] discord.voice_state: Starting voice handshake... (connection attempt 1)
[2025-08-01 14:49:10] [INFO    ] discord.voice_state: Voice handshake complete. Endpoint found: warsaw10125.discord.media
[2025-08-01 14:49:10] [INFO    ] discord.voice_state: Voice connection complete.
[2025-08-01 14:49:18] [INFO    ] cogs.music_cog: Adding 1 songs from playlist '—Ç–∞–ø–æ—á–∫–∞' to queue in guild 1400228444100497428
[2025-08-01 14:49:18] [INFO    ] cogs.music_cog: 'george26.qs' set filter to 'nightcore' in guild 1400228444100497428
[2025-08-01 14:49:18] [ERROR   ] discord.app_commands.tree: Ignoring exception in command 'nightcore'
Traceback (most recent call last):
  File "/home/botter/code/discmusic/.venv/lib/python3.11/site-packages/discord/app_commands/commands.py", line 857, in _do_call
    return await self._callback(self.binding, interaction, **params)  # type: ignore
           ^^^^^^^^^^^^^^^^^^^^^^^^^^^^^^^^^^^^^^^^^^^^^^^^^^^^^^^^^
  File "/home/botter/code/discmusic/cogs/music_cog.py", line 282, in nightcore
    async def nightcore(self, interaction: discord.Interaction): await self._set_filter(interaction, "nightcore", "Nightcore", "üöÄ")
                                                                 ^^^^^^^^^^^^^^^^^^^^^^^^^^^^^^^^^^^^^^^^^^^^^^^^^^^^^^^^^^^^^^^^^^
  File "/home/botter/code/discmusic/cogs/music_cog.py", line 197, in _set_filter
    if config["active_filter"] == filter_name:
       ~~~~~~^^^^^^^^^^^^^^^^^
KeyError: 'active_filter'

The above exception was the direct cause of the following exception:

Traceback (most recent call last):
  File "/home/botter/code/discmusic/.venv/lib/python3.11/site-packages/discord/app_commands/tree.py", line 1310, in _call
    await command._invoke_with_namespace(interaction, namespace)
  File "/home/botter/code/discmusic/.venv/lib/python3.11/site-packages/discord/app_commands/commands.py", line 883, in _invoke_with_namespace
    return await self._do_call(interaction, transformed_values)
           ^^^^^^^^^^^^^^^^^^^^^^^^^^^^^^^^^^^^^^^^^^^^^^^^^^^^
  File "/home/botter/code/discmusic/.venv/lib/python3.11/site-packages/discord/app_commands/commands.py", line 876, in _do_call
    raise CommandInvokeError(self, e) from e
discord.app_commands.errors.CommandInvokeError: Command 'nightcore' raised an exception: KeyError: 'active_filter'
[2025-08-01 14:49:18] [INFO    ] cogs.music_cog: Preparing to play 'T1One - –¢–∞–ø–æ—á–∫–∞ ( –ù–ò–ö–ò–¢–ê PRODUCTION )' in guild 1400228444100497428.
[2025-08-01 14:49:18] [INFO    ] cogs.music_cog: Guild 1400228444100497428 - Generated FFMPEG options: {'before_options': '-reconnect 1 -reconnect_streamed 1 -reconnect_delay_max 5', 'options': '-vn'}
[2025-08-01 14:49:18] [INFO    ] cogs.music_cog: Playback started for 'T1One - –¢–∞–ø–æ—á–∫–∞ ( –ù–ò–ö–ò–¢–ê PRODUCTION )' in guild 1400228444100497428.
[2025-08-01 14:52:38] [INFO    ] discord.player: ffmpeg process 20296 successfully terminated with return code of 0.
[2025-08-01 14:52:43] [INFO    ] cogs.music_cog: Finished playing song in guild 1400228444100497428.
[2025-08-01 14:52:43] [INFO    ] cogs.music_cog: Queue finished for guild 1400228444100497428.
[2025-08-01 15:31:56] [INFO    ] root: Bot shutting down by request.
[2025-08-01 15:32:05] [INFO    ] root: Logging configured successfully.
[2025-08-01 15:32:05] [INFO    ] root: Successfully loaded cog: music_cog.py
[2025-08-01 15:32:05] [INFO    ] discord.client: logging in using static token
[2025-08-01 15:32:06] [INFO    ] discord.gateway: Shard ID None has connected to Gateway (Session ID: 9da0e3d3c69fcdff5eaa81a4c0601483).
[2025-08-01 15:32:08] [INFO    ] root: Logged in as notamusicbot (ID: 1400527398331613285)
[2025-08-01 15:32:08] [INFO    ] root: Discord.py API version: 2.5.2
[2025-08-01 15:32:08] [INFO    ] root: ------
[2025-08-01 15:32:08] [INFO    ] root: Syncing commands to all guilds...
[2025-08-01 15:32:08] [INFO    ] root:  > Synced commands for: KPOP DEMON HUNTERS (ID: 1400228444100497428)
[2025-08-01 15:32:08] [INFO    ] root: --- Sync complete. 1/1 guilds synced. ---
[2025-08-01 15:32:08] [INFO    ] root: Bot is ready to rock!
[2025-08-01 15:33:36] [INFO    ] cogs.music_cog: Bot was disconnected from voice channel in guild 1400228444100497428. Cleaning up.
[2025-08-01 15:33:53] [INFO    ] cogs.music_cog: 'george26.qs' set filter to 'nightcore' in guild 1400228444100497428
[2025-08-01 15:34:03] [INFO    ] cogs.music_cog: 'george26.qs' in guild 'KPOP DEMON HUNTERS' used /play with query: '—Ç–∞–ø–æ—á–∫–∞'
[2025-08-01 15:34:03] [INFO    ] cogs.music_cog: Connecting to voice channel '–ó–∞–≥–∞–ª—å–Ω–∏–π' in guild 1400228444100497428
[2025-08-01 15:34:03] [INFO    ] discord.voice_state: Connecting to voice...
[2025-08-01 15:34:03] [INFO    ] discord.voice_state: Starting voice handshake... (connection attempt 1)
[2025-08-01 15:34:04] [INFO    ] discord.voice_state: Voice handshake complete. Endpoint found: warsaw10125.discord.media
[2025-08-01 15:34:04] [INFO    ] discord.voice_state: Voice connection complete.
[2025-08-01 15:34:12] [INFO    ] cogs.music_cog: Adding 1 songs from playlist '—Ç–∞–ø–æ—á–∫–∞' to queue in guild 1400228444100497428
[2025-08-01 15:34:12] [INFO    ] cogs.music_cog: Preparing to play 'T1One - –¢–∞–ø–æ—á–∫–∞ ( –ù–ò–ö–ò–¢–ê PRODUCTION )' in guild 1400228444100497428.
[2025-08-01 15:34:12] [INFO    ] cogs.music_cog: Guild 1400228444100497428 - Generated FFMPEG options: {'before_options': '-reconnect 1 -reconnect_streamed 1 -reconnect_delay_max 5', 'options': '-vn -af "atempo=1.3,asetrate=44100*1.3,bass=g=5"'}
[2025-08-01 15:34:12] [INFO    ] cogs.music_cog: Playback started for 'T1One - –¢–∞–ø–æ—á–∫–∞ ( –ù–ò–ö–ò–¢–ê PRODUCTION )' in guild 1400228444100497428.
[2025-08-01 15:36:21] [INFO    ] discord.player: ffmpeg process 20400 successfully terminated with return code of 0.
[2025-08-01 15:36:22] [INFO    ] cogs.music_cog: Finished playing song in guild 1400228444100497428.
[2025-08-01 15:36:22] [INFO    ] cogs.music_cog: Queue finished for guild 1400228444100497428.
[2025-08-01 15:44:00] [INFO    ] cogs.music_cog: 'george26.qs' set filter to 'nightcore' in guild 1400228444100497428
[2025-08-01 15:44:13] [INFO    ] cogs.music_cog: 'george26.qs' set filter to 'slowedreverb' in guild 1400228444100497428
[2025-08-01 15:57:49] [INFO    ] cogs.music_cog: 'george26.qs' in guild 'KPOP DEMON HUNTERS' used /play with query: '—Ç–∞–ø–æ—á–∫–∞'
[2025-08-01 15:57:57] [INFO    ] cogs.music_cog: Adding 1 songs from playlist '—Ç–∞–ø–æ—á–∫–∞' to queue in guild 1400228444100497428
[2025-08-01 15:57:57] [INFO    ] cogs.music_cog: Preparing to play 'T1One - –¢–∞–ø–æ—á–∫–∞ ( –ù–ò–ö–ò–¢–ê PRODUCTION )' in guild 1400228444100497428.
[2025-08-01 15:57:57] [INFO    ] cogs.music_cog: Guild 1400228444100497428 - Generated FFMPEG options: {'before_options': '-reconnect 1 -reconnect_streamed 1 -reconnect_delay_max 5', 'options': '-vn -af "atempo=0.8,aecho=0.8:0.9:1000:0.3"'}
[2025-08-01 15:57:57] [INFO    ] cogs.music_cog: Playback started for 'T1One - –¢–∞–ø–æ—á–∫–∞ ( –ù–ò–ö–ò–¢–ê PRODUCTION )' in guild 1400228444100497428.
[2025-08-01 16:02:27] [INFO    ] root: Bot shutting down by request.
[2025-08-01 16:04:12] [INFO    ] root: Logging configured successfully.
[2025-08-01 16:04:12] [INFO    ] root: Successfully loaded cog: cogs.playback_cog
[2025-08-01 16:04:12] [INFO    ] root: Successfully loaded cog: cogs.effects_cog
[2025-08-01 16:04:12] [INFO    ] discord.client: logging in using static token
[2025-08-01 16:04:14] [INFO    ] discord.gateway: Shard ID None has connected to Gateway (Session ID: fde7f993e5d0f5b4a631cacb911b226f).
[2025-08-01 16:04:16] [INFO    ] root: Logged in as notamusicbot
[2025-08-01 16:04:16] [INFO    ] root: Syncing commands to all guilds...
[2025-08-01 16:04:16] [INFO    ] root: Bot is ready to rock!
[2025-08-01 16:08:22] [INFO    ] discord.voice_state: Connecting to voice...
[2025-08-01 16:08:22] [INFO    ] discord.voice_state: Starting voice handshake... (connection attempt 1)
[2025-08-01 16:08:22] [INFO    ] discord.voice_state: Voice handshake complete. Endpoint found: warsaw10125.discord.media
[2025-08-01 16:08:22] [INFO    ] discord.voice_state: Voice connection complete.
[2025-08-01 16:08:30] [INFO    ] cogs.playback_cog: Preparing to play '–§–∞–∫—Ç' in guild 1400228444100497428.
[2025-08-01 16:08:30] [INFO    ] cogs.playback_cog: Guild 1400228444100497428 - Generated FFMPEG options: {'before_options': '-reconnect 1 -reconnect_streamed 1 -reconnect_delay_max 5', 'options': '-vn'}
[2025-08-01 16:08:48] [INFO    ] discord.player: ffmpeg process 20533 has not terminated. Waiting to terminate...
[2025-08-01 16:08:48] [INFO    ] discord.player: ffmpeg process 20533 should have terminated with a return code of -9.
[2025-08-01 16:08:48] [INFO    ] cogs.playback_cog: Finished playing song in guild 1400228444100497428.
[2025-08-01 16:33:24] [INFO    ] discord.gateway: Shard ID None has successfully RESUMED session fde7f993e5d0f5b4a631cacb911b226f.
[2025-08-01 17:13:27] [INFO    ] root: Bot shutting down by request.
[2025-08-01 17:13:41] [INFO    ] root: Logging configured successfully.
[2025-08-01 17:13:41] [INFO    ] root: Successfully loaded cog: cogs.playback_cog
[2025-08-01 17:13:41] [INFO    ] root: Successfully loaded cog: cogs.effects_cog
[2025-08-01 17:13:41] [INFO    ] discord.client: logging in using static token
[2025-08-01 17:13:43] [INFO    ] discord.gateway: Shard ID None has connected to Gateway (Session ID: 438f34c5899af660f88e24fe2e50e7d0).
[2025-08-01 17:13:45] [INFO    ] root: Logged in as notamusicbot
[2025-08-01 17:13:45] [INFO    ] root: Syncing commands to all guilds...
[2025-08-01 17:13:45] [INFO    ] root: Bot is ready to rock!
[2025-08-01 17:45:09] [INFO    ] discord.gateway: Shard ID None has successfully RESUMED session 438f34c5899af660f88e24fe2e50e7d0.
[2025-08-01 19:10:00] [INFO    ] discord.voice_state: Connecting to voice...
[2025-08-01 19:10:00] [INFO    ] discord.voice_state: Starting voice handshake... (connection attempt 1)
[2025-08-01 19:10:00] [INFO    ] discord.voice_state: Voice handshake complete. Endpoint found: warsaw10125.discord.media
[2025-08-01 19:10:00] [INFO    ] discord.voice_state: Voice connection complete.
[2025-08-01 19:10:08] [INFO    ] cogs.playback_cog: Preparing to play 'The Mamas & The Papas - California Dreamin'' in guild 1400228444100497428.
[2025-08-01 19:10:08] [INFO    ] cogs.playback_cog: Guild 1400228444100497428 - Generated FFMPEG options: {'before_options': '-reconnect 1 -reconnect_streamed 1 -reconnect_delay_max 5', 'options': '-vn'}
[2025-08-01 19:10:11] [INFO    ] discord.player: ffmpeg process 23649 has not terminated. Waiting to terminate...
[2025-08-01 19:10:11] [INFO    ] cogs.playback_cog: Finished playing song in guild 1400228444100497428.
[2025-08-01 19:10:11] [INFO    ] discord.player: ffmpeg process 23649 should have terminated with a return code of -9.
[2025-08-01 19:10:12] [INFO    ] discord.voice_state: The voice handshake is being terminated for Channel ID 1400228444566061224 (Guild ID 1400228444100497428)
[2025-08-01 19:10:12] [ERROR   ] asyncio: Task exception was never retrieved
future: <Task finished name='Task-207' coro=<PlaybackCog.after_playback() done, defined at /home/botter/code/discmusic/cogs/playback_cog.py:34> exception=KeyError(1400228444100497428)>
Traceback (most recent call last):
  File "/home/botter/code/discmusic/cogs/playback_cog.py", line 39, in after_playback
    await self._play_next(interaction)
  File "/home/botter/code/discmusic/cogs/playback_cog.py", line 53, in _play_next
    await self._cleanup_now_playing(guild_id)
  File "/home/botter/code/discmusic/cogs/playback_cog.py", line 49, in _cleanup_now_playing
    del self.now_playing_messages[guild_id]
        ~~~~~~~~~~~~~~~~~~~~~~~~~^^^^^^^^^^
KeyError: 1400228444100497428
[2025-08-01 19:10:15] [INFO    ] discord.voice_state: Connecting to voice...
[2025-08-01 19:10:15] [INFO    ] discord.voice_state: Starting voice handshake... (connection attempt 1)
[2025-08-01 19:10:16] [INFO    ] discord.voice_state: Voice handshake complete. Endpoint found: warsaw10125.discord.media
[2025-08-01 19:10:16] [INFO    ] discord.voice_state: Voice connection complete.
[2025-08-01 19:10:23] [INFO    ] cogs.playback_cog: Preparing to play 'The Mamas & The Papas - California Dreamin'' in guild 1400228444100497428.
[2025-08-01 19:10:23] [INFO    ] cogs.playback_cog: Guild 1400228444100497428 - Generated FFMPEG options: {'before_options': '-reconnect 1 -reconnect_streamed 1 -reconnect_delay_max 5', 'options': '-vn'}
[2025-08-01 19:13:00] [INFO    ] discord.player: ffmpeg process 23662 successfully terminated with return code of 0.
[2025-08-01 19:13:02] [INFO    ] cogs.playback_cog: Finished playing song in guild 1400228444100497428.
